SF:lib/http/dio_client.dart
DA:8,0
DA:12,0
DA:13,0
DA:16,0
DA:17,0
DA:18,0
DA:24,0
DA:25,0
LF:8
LH:0
end_of_record
SF:lib/model/test_json.g.dart
DA:9,2
DA:10,2
DA:11,2
DA:13,2
DA:14,1
DA:15,1
LF:6
LH:6
end_of_record
SF:lib/model/test_json.dart
DA:10,1
DA:11,1
DA:13,1
DA:15,1
DA:18,1
DA:19,1
LF:6
LH:6
end_of_record
SF:lib/http/http_interceptor.dart
DA:6,1
DA:8,0
DA:13,0
DA:14,0
DA:15,0
DA:16,0
LF:6
LH:1
end_of_record
SF:lib/http/http_req_delegate_impl.dart
DA:10,1
DA:13,1
DA:16,3
DA:17,2
DA:18,1
DA:20,0
DA:21,0
DA:22,0
DA:23,0
DA:28,1
DA:31,3
DA:32,2
DA:33,1
DA:34,4
DA:35,0
DA:36,0
DA:37,0
DA:38,0
DA:43,0
DA:49,0
DA:50,0
DA:51,0
DA:53,0
DA:54,0
DA:55,0
DA:56,0
DA:61,0
DA:66,0
DA:67,0
DA:68,0
DA:69,0
DA:70,0
DA:71,0
DA:72,0
DA:73,0
DA:78,0
DA:80,0
DA:81,0
DA:84,0
DA:85,0
DA:86,0
DA:87,0
DA:88,0
DA:89,0
LF:44
LH:10
end_of_record
SF:lib/http/http_delegate_exception.dart
DA:6,0
DA:7,0
DA:10,0
DA:11,0
DA:12,0
DA:13,0
DA:15,0
DA:16,0
DA:18,0
DA:19,0
DA:21,0
DA:22,0
DA:23,0
DA:24,0
DA:26,0
DA:27,0
DA:29,0
DA:30,0
DA:34,0
DA:35,0
DA:37,0
DA:38,0
LF:22
LH:0
end_of_record
SF:lib/http/http_delegate_general_exception.dart
DA:4,0
LF:1
LH:0
end_of_record
