SF:lib/http/dio_client.dart
DA:8,0
DA:12,0
DA:13,0
DA:16,0
DA:17,0
DA:18,0
DA:24,0
DA:25,0
LF:8
LH:0
end_of_record
SF:lib/http/http_delegate_exception.dart
DA:6,1
DA:7,1
DA:10,1
DA:11,1
DA:12,1
DA:13,0
DA:15,1
DA:16,0
DA:18,1
DA:19,0
DA:21,1
DA:22,0
DA:23,0
DA:24,0
DA:26,0
DA:27,0
DA:29,0
DA:30,0
DA:34,1
DA:35,0
DA:37,1
DA:38,1
LF:22
LH:11
end_of_record
SF:lib/http/http_delegate_general_exception.dart
DA:4,1
LF:1
LH:1
end_of_record
SF:lib/http/http_interceptor.dart
DA:6,1
DA:8,0
DA:13,0
DA:14,0
DA:15,0
DA:16,0
LF:6
LH:1
end_of_record
SF:lib/http/http_req_delegate_impl.dart
DA:11,1
DA:14,1
DA:16,3
DA:17,3
DA:18,1
DA:19,1
DA:20,1
DA:21,1
DA:22,1
DA:27,0
DA:31,0
DA:32,0
DA:33,0
DA:34,0
DA:35,0
DA:36,0
DA:37,0
DA:42,0
DA:44,0
DA:45,0
DA:48,0
DA:49,0
DA:50,0
DA:51,0
DA:52,0
DA:53,0
DA:54,0
LF:27
LH:9
end_of_record
SF:lib/json_mapper_util.dart
DA:3,0
DA:4,0
DA:7,1
DA:8,1
LF:4
LH:2
end_of_record
SF:lib/model/json_model.dart
DA:4,0
DA:5,0
LF:2
LH:0
end_of_record
SF:lib/mapper.g.dart
DA:7,3
DA:8,2
DA:11,0
DA:16,1
DA:17,2
DA:21,4
LF:6
LH:5
end_of_record
